    OpenRGB v0.9
    Commit:  from 
    Launched: 20250314_113522
====================================================================================================

1001  |Info:    ------------------------------------------------------
1001  |Info:    |               Start device detection               |
1001  |Info:    ------------------------------------------------------
1001  |Info:    Initializing HID interfaces: Success
1003  |Info:    ------------------------------------------------------
1003  |Info:    |             Detecting I2C interfaces               |
1003  |Info:    ------------------------------------------------------
1005  |Info:    Registering I2C interface: /dev/i2c-3 Device 1002:7550 Subsystem: 148C:2435
1005  |Info:    Registering I2C interface: /dev/i2c-20 Device 0000:0000 Subsystem: 0000:0000
1005  |Info:    Registering I2C interface: /dev/i2c-10 Device 8086:4680 Subsystem: 1458:D000
1005  |Info:    Registering I2C interface: /dev/i2c-1 Device 1002:7550 Subsystem: 148C:2435
1005  |Info:    Registering I2C interface: /dev/i2c-19 Device 8086:7AA3 Subsystem: 1458:5001
1005  |Info:    Registering I2C interface: /dev/i2c-17 Device 8086:4680 Subsystem: 1458:D000
1005  |Warning: [i2c_smbus_linux] Failed to read i2c device PCI device ID
1005  |Info:    Registering I2C interface: /dev/i2c-8 Device 0000:0000 Subsystem: 0000:0000
1005  |Info:    Registering I2C interface: /dev/i2c-25 Device 0000:0000 Subsystem: 0000:0000
1005  |Info:    Registering I2C interface: /dev/i2c-15 Device 8086:4680 Subsystem: 1458:D000
1005  |Warning: [i2c_smbus_linux] Failed to read i2c device PCI device ID
1005  |Info:    Registering I2C interface: /dev/i2c-6 Device 0000:0000 Subsystem: 0000:0000
1005  |Info:    Registering I2C interface: /dev/i2c-23 Device 0000:0000 Subsystem: 0000:0000
1005  |Info:    Registering I2C interface: /dev/i2c-13 Device 8086:4680 Subsystem: 1458:D000
1005  |Info:    Registering I2C interface: /dev/i2c-4 Device 1002:7550 Subsystem: 148C:2435
1005  |Info:    Registering I2C interface: /dev/i2c-21 Device 0000:0000 Subsystem: 0000:0000
1005  |Info:    Registering I2C interface: /dev/i2c-11 Device 8086:4680 Subsystem: 1458:D000
1006  |Info:    Registering I2C interface: /dev/i2c-2 Device 1002:7550 Subsystem: 148C:2435
1006  |Info:    Registering I2C interface: /dev/i2c-0 Device 1002:7550 Subsystem: 148C:2435
1006  |Warning: [i2c_smbus_linux] Failed to read i2c device PCI device ID
1006  |Info:    Registering I2C interface: /dev/i2c-18 Device 0000:0000 Subsystem: 0000:0000
1006  |Info:    Registering I2C interface: /dev/i2c-9 Device 8086:4680 Subsystem: 1458:D000
1006  |Info:    Registering I2C interface: /dev/i2c-16 Device 8086:4680 Subsystem: 1458:D000
1006  |Warning: [i2c_smbus_linux] Failed to read i2c device PCI device ID
1006  |Info:    Registering I2C interface: /dev/i2c-7 Device 0000:0000 Subsystem: 0000:0000
1006  |Info:    Registering I2C interface: /dev/i2c-24 Device 0000:0000 Subsystem: 0000:0000
1006  |Info:    Registering I2C interface: /dev/i2c-14 Device 8086:4680 Subsystem: 1458:D000
1006  |Info:    Registering I2C interface: /dev/i2c-5 Device 1002:7550 Subsystem: 148C:2435
1006  |Info:    Registering I2C interface: /dev/i2c-22 Device 0000:0000 Subsystem: 0000:0000
1006  |Info:    Registering I2C interface: /dev/i2c-12 Device 8086:4680 Subsystem: 1458:D000
1006  |Info:    ------------------------------------------------------
1006  |Info:    |               Detecting I2C devices                |
1006  |Info:    ------------------------------------------------------
1488  |Info:    ------------------------------------------------------
1488  |Info:    |               Detecting I2C PCI devices            |
1488  |Info:    ------------------------------------------------------
1488  |Info:    ------------------------------------------------------
1488  |Info:    |               Detecting HID devices                |
1488  |Info:    ------------------------------------------------------
1647  |Info:    [Z690 UD DDR4] Registering RGB controller
1858  |Info:    ------------------------------------------------------
1858  |Info:    |            Detecting libusb HID devices            |
1858  |Info:    ------------------------------------------------------
1866  |Info:    ------------------------------------------------------
1866  |Info:    |              Detecting other devices               |
1866  |Info:    ------------------------------------------------------
1870  |Info:    ------------------------------------------------------
1870  |Info:    |                Detection completed                 |
1870  |Info:    ------------------------------------------------------
15025 |Info:    Found file: red.orp attempting to validate header
15025 |Info:    Valid v4 profile found for red
22581 |Info:    ------------------------------------------------------
22581 |Info:    |               Start device detection               |
22581 |Info:    ------------------------------------------------------
22581 |Info:    Initializing HID interfaces: Success
22584 |Info:    ------------------------------------------------------
22584 |Info:    |             Detecting I2C interfaces               |
22584 |Info:    ------------------------------------------------------
22585 |Info:    Registering I2C interface: /dev/i2c-3 Device 1002:7550 Subsystem: 148C:2435
22585 |Info:    Registering I2C interface: /dev/i2c-20 Device 0000:0000 Subsystem: 0000:0000
22585 |Info:    Registering I2C interface: /dev/i2c-10 Device 8086:4680 Subsystem: 1458:D000
22585 |Info:    Registering I2C interface: /dev/i2c-1 Device 1002:7550 Subsystem: 148C:2435
22585 |Info:    Registering I2C interface: /dev/i2c-19 Device 8086:7AA3 Subsystem: 1458:5001
22585 |Info:    Registering I2C interface: /dev/i2c-17 Device 8086:4680 Subsystem: 1458:D000
22585 |Warning: [i2c_smbus_linux] Failed to read i2c device PCI device ID
22585 |Info:    Registering I2C interface: /dev/i2c-8 Device 0000:0000 Subsystem: 0000:0000
22585 |Info:    Registering I2C interface: /dev/i2c-25 Device 0000:0000 Subsystem: 0000:0000
22585 |Info:    Registering I2C interface: /dev/i2c-15 Device 8086:4680 Subsystem: 1458:D000
22585 |Warning: [i2c_smbus_linux] Failed to read i2c device PCI device ID
22585 |Info:    Registering I2C interface: /dev/i2c-6 Device 0000:0000 Subsystem: 0000:0000
22585 |Info:    Registering I2C interface: /dev/i2c-23 Device 0000:0000 Subsystem: 0000:0000
22585 |Info:    Registering I2C interface: /dev/i2c-13 Device 8086:4680 Subsystem: 1458:D000
22585 |Info:    Registering I2C interface: /dev/i2c-4 Device 1002:7550 Subsystem: 148C:2435
22585 |Info:    Registering I2C interface: /dev/i2c-21 Device 0000:0000 Subsystem: 0000:0000
22585 |Info:    Registering I2C interface: /dev/i2c-11 Device 8086:4680 Subsystem: 1458:D000
22585 |Info:    Registering I2C interface: /dev/i2c-2 Device 1002:7550 Subsystem: 148C:2435
22586 |Info:    Registering I2C interface: /dev/i2c-0 Device 1002:7550 Subsystem: 148C:2435
22600 |Warning: [i2c_smbus_linux] Failed to read i2c device PCI device ID
22601 |Info:    Registering I2C interface: /dev/i2c-18 Device 0000:0000 Subsystem: 0000:0000
22601 |Info:    Registering I2C interface: /dev/i2c-9 Device 8086:4680 Subsystem: 1458:D000
22601 |Info:    Registering I2C interface: /dev/i2c-16 Device 8086:4680 Subsystem: 1458:D000
22601 |Warning: [i2c_smbus_linux] Failed to read i2c device PCI device ID
22601 |Info:    Registering I2C interface: /dev/i2c-7 Device 0000:0000 Subsystem: 0000:0000
22601 |Info:    Registering I2C interface: /dev/i2c-24 Device 0000:0000 Subsystem: 0000:0000
22601 |Info:    Registering I2C interface: /dev/i2c-14 Device 8086:4680 Subsystem: 1458:D000
22601 |Info:    Registering I2C interface: /dev/i2c-5 Device 1002:7550 Subsystem: 148C:2435
22601 |Info:    Registering I2C interface: /dev/i2c-22 Device 0000:0000 Subsystem: 0000:0000
22601 |Info:    Registering I2C interface: /dev/i2c-12 Device 8086:4680 Subsystem: 1458:D000
22601 |Info:    ------------------------------------------------------
22601 |Info:    |               Detecting I2C devices                |
22601 |Info:    ------------------------------------------------------
23094 |Info:    ------------------------------------------------------
23094 |Info:    |               Detecting I2C PCI devices            |
23094 |Info:    ------------------------------------------------------
23094 |Info:    ------------------------------------------------------
23094 |Info:    |               Detecting HID devices                |
23094 |Info:    ------------------------------------------------------
23252 |Info:    [Z690 UD DDR4] Registering RGB controller
23463 |Info:    ------------------------------------------------------
23463 |Info:    |            Detecting libusb HID devices            |
23463 |Info:    ------------------------------------------------------
23469 |Info:    ------------------------------------------------------
23469 |Info:    |              Detecting other devices               |
23469 |Info:    ------------------------------------------------------
23470 |Info:    ------------------------------------------------------
23470 |Info:    |                Detection completed                 |
23470 |Info:    ------------------------------------------------------
62764 |Info:    ------------------------------------------------------
62764 |Info:    |               Start device detection               |
62764 |Info:    ------------------------------------------------------
62764 |Info:    Initializing HID interfaces: Success
62767 |Info:    ------------------------------------------------------
62767 |Info:    |             Detecting I2C interfaces               |
62767 |Info:    ------------------------------------------------------
62767 |Info:    Registering I2C interface: /dev/i2c-3 Device 1002:7550 Subsystem: 148C:2435
62767 |Info:    Registering I2C interface: /dev/i2c-20 Device 0000:0000 Subsystem: 0000:0000
62767 |Info:    Registering I2C interface: /dev/i2c-10 Device 8086:4680 Subsystem: 1458:D000
62767 |Info:    Registering I2C interface: /dev/i2c-1 Device 1002:7550 Subsystem: 148C:2435
62767 |Info:    Registering I2C interface: /dev/i2c-19 Device 8086:7AA3 Subsystem: 1458:5001
62767 |Info:    Registering I2C interface: /dev/i2c-17 Device 8086:4680 Subsystem: 1458:D000
62767 |Warning: [i2c_smbus_linux] Failed to read i2c device PCI device ID
62767 |Info:    Registering I2C interface: /dev/i2c-8 Device 0000:0000 Subsystem: 0000:0000
62768 |Info:    Registering I2C interface: /dev/i2c-25 Device 0000:0000 Subsystem: 0000:0000
62768 |Info:    Registering I2C interface: /dev/i2c-15 Device 8086:4680 Subsystem: 1458:D000
62768 |Warning: [i2c_smbus_linux] Failed to read i2c device PCI device ID
62768 |Info:    Registering I2C interface: /dev/i2c-6 Device 0000:0000 Subsystem: 0000:0000
62768 |Info:    Registering I2C interface: /dev/i2c-23 Device 0000:0000 Subsystem: 0000:0000
62768 |Info:    Registering I2C interface: /dev/i2c-13 Device 8086:4680 Subsystem: 1458:D000
62768 |Info:    Registering I2C interface: /dev/i2c-4 Device 1002:7550 Subsystem: 148C:2435
62768 |Info:    Registering I2C interface: /dev/i2c-21 Device 0000:0000 Subsystem: 0000:0000
62768 |Info:    Registering I2C interface: /dev/i2c-11 Device 8086:4680 Subsystem: 1458:D000
62768 |Info:    Registering I2C interface: /dev/i2c-2 Device 1002:7550 Subsystem: 148C:2435
62768 |Info:    Registering I2C interface: /dev/i2c-0 Device 1002:7550 Subsystem: 148C:2435
62768 |Warning: [i2c_smbus_linux] Failed to read i2c device PCI device ID
62768 |Info:    Registering I2C interface: /dev/i2c-18 Device 0000:0000 Subsystem: 0000:0000
62768 |Info:    Registering I2C interface: /dev/i2c-9 Device 8086:4680 Subsystem: 1458:D000
62768 |Info:    Registering I2C interface: /dev/i2c-16 Device 8086:4680 Subsystem: 1458:D000
62768 |Warning: [i2c_smbus_linux] Failed to read i2c device PCI device ID
62768 |Info:    Registering I2C interface: /dev/i2c-7 Device 0000:0000 Subsystem: 0000:0000
62768 |Info:    Registering I2C interface: /dev/i2c-24 Device 0000:0000 Subsystem: 0000:0000
62769 |Info:    Registering I2C interface: /dev/i2c-14 Device 8086:4680 Subsystem: 1458:D000
62769 |Info:    Registering I2C interface: /dev/i2c-5 Device 1002:7550 Subsystem: 148C:2435
62769 |Info:    Registering I2C interface: /dev/i2c-22 Device 0000:0000 Subsystem: 0000:0000
62769 |Info:    Registering I2C interface: /dev/i2c-12 Device 8086:4680 Subsystem: 1458:D000
62769 |Info:    ------------------------------------------------------
62769 |Info:    |               Detecting I2C devices                |
62769 |Info:    ------------------------------------------------------
63263 |Info:    ------------------------------------------------------
63263 |Info:    |               Detecting I2C PCI devices            |
63263 |Info:    ------------------------------------------------------
63265 |Info:    ------------------------------------------------------
63265 |Info:    |               Detecting HID devices                |
63265 |Info:    ------------------------------------------------------
63424 |Info:    [Z690 UD DDR4] Registering RGB controller
63635 |Info:    ------------------------------------------------------
63635 |Info:    |            Detecting libusb HID devices            |
63635 |Info:    ------------------------------------------------------
63639 |Info:    ------------------------------------------------------
63639 |Info:    |              Detecting other devices               |
63639 |Info:    ------------------------------------------------------
63640 |Info:    ------------------------------------------------------
63640 |Info:    |                Detection completed                 |
63640 |Info:    ------------------------------------------------------
84710 |Info:    Found file: red.orp attempting to validate header
84710 |Info:    Valid v4 profile found for red
255612|Info:    Found file: red.orp attempting to validate header
255613|Info:    Valid v4 profile found for red
